<?xml version="1.0" encoding="UTF-8"?>
<!-- Generated by org.testng.reporters.JUnitReportReporter -->
<testsuite hostname="PC-LOGIC70" failures="0" tests="1" name="com.google.GoogleTest" time="13.802" errors="0" timestamp="05 Jun 2021 13:58:39 GMT" skipped="0">
  <testcase classname="com.google.GoogleTest" name="f" time="13.802"/>
</testsuite> <!-- com.google.GoogleTest -->
