<?xml version="1.0" encoding="UTF-8"?>
<!-- Generated by org.testng.reporters.JUnitReportReporter -->
<testsuite hostname="PC-LOGIC70" failures="0" tests="1" name="com.opensource.admin.qa.TC004_Admin_DeleteUser" time="31.447" errors="0" timestamp="07 Jul 2021 01:58:14 GMT" skipped="0">
  <testcase classname="com.opensource.admin.qa.TC004_Admin_DeleteUser" name="TC004_Admin_DeleteUser_Script" time="31.447"/>
</testsuite> <!-- com.opensource.admin.qa.TC004_Admin_DeleteUser -->
